<?xml version="1.0" encoding="UTF-8"?>
<!-- Generated by org.testng.reporters.JUnitXMLReporter -->
<testsuite ignored="2" hostname="197NODMB9000255" failures="0" tests="2" name="Command line test" time="0.045" errors="0" timestamp="2022-11-19T16:07:42 IST">
  <testcase classname="TestRCB.TestCase" name="verifyForeignPlayer" time="0.017"/>
  <testcase classname="TestRCB.TestCase" name="verifyWicketKeeper" time="0.001"/>
  <testcase classname="HelperClasses.BaseTest" name="@AfterSuite tearDown" time="0.0">
    <ignored/>
  </testcase> <!-- @AfterSuite tearDown -->
  <testcase classname="HelperClasses.BaseTest" name="@BeforeSuite setup" time="0.0">
    <ignored/>
  </testcase> <!-- @BeforeSuite setup -->
</testsuite> <!-- Command line test -->
