<?xml version="1.0" encoding="UTF-8"?>
<testng-results ignored="2" total="4" passed="2" failed="0" skipped="0">
  <reporter-output>
  </reporter-output>
  <suite started-at="2022-11-19T16:42:24 IST" name="Command line suite" finished-at="2022-11-19T16:42:24 IST" duration-ms="47">
    <groups>
    </groups>
    <test started-at="2022-11-19T16:42:24 IST" name="Command line test" finished-at="2022-11-19T16:42:24 IST" duration-ms="47">
      <class name="TestRCB.TestCase">
        <test-method is-config="true" signature="setup()[pri:0, instance:TestRCB.TestCase@23fe1d71]" started-at="2022-11-19T16:42:24 IST" name="setup" finished-at="2022-11-19T16:42:24 IST" duration-ms="397" status="PASS">
          <reporter-output>
          </reporter-output>
        </test-method> <!-- setup -->
        <test-method signature="verifyForeignPlayer()[pri:0, instance:TestRCB.TestCase@23fe1d71]" started-at="2022-11-19T16:42:24 IST" name="verifyForeignPlayer" description="Verify that the team has only 4 foreign player" finished-at="2022-11-19T16:42:24 IST" duration-ms="16" status="PASS">
          <reporter-output>
          </reporter-output>
        </test-method> <!-- verifyForeignPlayer -->
        <test-method is-config="true" signature="getResult(org.testng.ITestResult)[pri:0, instance:TestRCB.TestCase@23fe1d71]" started-at="2022-11-19T16:42:24 IST" name="getResult" finished-at="2022-11-19T16:42:24 IST" duration-ms="3" status="PASS">
          <params>
            <param index="0">
              <value>
                <![CDATA[[TestResult name=verifyForeignPlayer status=SUCCESS method=TestCase.verifyForeignPlayer()[pri:0, instance:TestRCB.TestCase@23fe1d71] output={null}]]]>
              </value>
            </param>
          </params>
          <reporter-output>
          </reporter-output>
        </test-method> <!-- getResult -->
        <test-method signature="verifyWicketKeeper()[pri:0, instance:TestRCB.TestCase@23fe1d71]" started-at="2022-11-19T16:42:24 IST" name="verifyWicketKeeper" description="Verify that there is at least one wicket keeper" finished-at="2022-11-19T16:42:24 IST" duration-ms="1" status="PASS">
          <reporter-output>
          </reporter-output>
        </test-method> <!-- verifyWicketKeeper -->
        <test-method is-config="true" signature="getResult(org.testng.ITestResult)[pri:0, instance:TestRCB.TestCase@23fe1d71]" started-at="2022-11-19T16:42:24 IST" name="getResult" finished-at="2022-11-19T16:42:24 IST" duration-ms="1" status="PASS">
          <params>
            <param index="0">
              <value>
                <![CDATA[[TestResult name=verifyWicketKeeper status=SUCCESS method=TestCase.verifyWicketKeeper()[pri:0, instance:TestRCB.TestCase@23fe1d71] output={null}]]]>
              </value>
            </param>
          </params>
          <reporter-output>
          </reporter-output>
        </test-method> <!-- getResult -->
        <test-method is-config="true" signature="tearDown()[pri:0, instance:TestRCB.TestCase@23fe1d71]" started-at="2022-11-19T16:42:25 IST" name="tearDown" finished-at="2022-11-19T16:42:25 IST" duration-ms="314" status="PASS">
          <reporter-output>
          </reporter-output>
        </test-method> <!-- tearDown -->
      </class> <!-- TestRCB.TestCase -->
    </test> <!-- Command line test -->
  </suite> <!-- Command line suite -->
</testng-results>
